  PointerExam.c
C:\TIL\Cwork\Pro0705\PointerExam.c(10,12): warning C4013: 'time'이(가) 정의되지 않았습니다. extern은 int형을 반환하는 것으로 간주합니다.
C:\TIL\Cwork\Pro0705\PointerExam.c(100,2): warning C4996: 'scanf': This function or variable may be unsafe. Consider using scanf_s instead. To disable deprecation, use _CRT_SECURE_NO_WARNINGS. See online help for details.
C:\TIL\Cwork\Pro0705\PointerExam.c(107,24): warning C4047: '함수': 'int *'의 간접 참조 수준이 'int **'과(와) 다릅니다.
C:\TIL\Cwork\Pro0705\PointerExam.c(107,20): warning C4024: 'get_sum_diff': 형식 및 실제 매개 변수 3의 형식이 서로 다릅니다.
C:\TIL\Cwork\Pro0705\PointerExam.c(107,30): warning C4047: '함수': 'int *'의 간접 참조 수준이 'int **'과(와) 다릅니다.
C:\TIL\Cwork\Pro0705\PointerExam.c(107,25): warning C4024: 'get_sum_diff': 형식 및 실제 매개 변수 4의 형식이 서로 다릅니다.
C:\TIL\Cwork\Pro0705\PointerExam.c(108,9): warning C4477: 'printf' : 서식 문자열 '%d'에 'int' 형식의 인수가 필요하지만 variadic 인수 1의 형식이 'int *'입니다.
C:\TIL\Cwork\Pro0705\PointerExam.c(109,9): warning C4477: 'printf' : 서식 문자열 '%d'에 'int' 형식의 인수가 필요하지만 variadic 인수 1의 형식이 'int *'입니다.
C:\TIL\Cwork\Pro0705\PointerExam.c(113,15): warning C4047: '함수': 'int *'의 간접 참조 수준이 'int (*)[10]'과(와) 다릅니다.
C:\TIL\Cwork\Pro0705\PointerExam.c(113,13): warning C4024: 'array_fill': 형식 및 실제 매개 변수 1의 형식이 서로 다릅니다.
C:\TIL\Cwork\Pro0705\PointerExam.c(124,17): warning C4047: '함수': 'double *'의 간접 참조 수준이 'double (*)[10]'과(와) 다릅니다.
C:\TIL\Cwork\Pro0705\PointerExam.c(124,10): warning C4024: 'convert': 형식 및 실제 매개 변수 1의 형식이 서로 다릅니다.
C:\TIL\Cwork\Pro0705\PointerExam.c(132,17): warning C4047: '함수': 'int *'의 간접 참조 수준이 'int (*)[10]'과(와) 다릅니다.
C:\TIL\Cwork\Pro0705\PointerExam.c(132,14): warning C4024: 'array_copy1': 형식 및 실제 매개 변수 1의 형식이 서로 다릅니다.
C:\TIL\Cwork\Pro0705\PointerExam.c(132,22): warning C4047: '함수': 'int *'의 간접 참조 수준이 'int (*)[10]'과(와) 다릅니다.
C:\TIL\Cwork\Pro0705\PointerExam.c(132,19): warning C4024: 'array_copy1': 형식 및 실제 매개 변수 2의 형식이 서로 다릅니다.
C:\TIL\Cwork\Pro0705\PointerExam.c(151,16): warning C4047: '함수': 'int *'의 간접 참조 수준이 'int (*)[10]'과(와) 다릅니다.
C:\TIL\Cwork\Pro0705\PointerExam.c(151,12): warning C4024: 'array_add': 형식 및 실제 매개 변수 1의 형식이 서로 다릅니다.
C:\TIL\Cwork\Pro0705\PointerExam.c(151,22): warning C4047: '함수': 'int *'의 간접 참조 수준이 'int (*)[10]'과(와) 다릅니다.
C:\TIL\Cwork\Pro0705\PointerExam.c(151,18): warning C4024: 'array_add': 형식 및 실제 매개 변수 2의 형식이 서로 다릅니다.
C:\TIL\Cwork\Pro0705\PointerExam.c(151,28): warning C4047: '함수': 'int *'의 간접 참조 수준이 'int (*)[10]'과(와) 다릅니다.
C:\TIL\Cwork\Pro0705\PointerExam.c(151,24): warning C4024: 'array_add': 형식 및 실제 매개 변수 3의 형식이 서로 다릅니다.
C:\TIL\Cwork\Pro0705\PointerExam.c(157,47): warning C4047: '함수': 'int *'의 간접 참조 수준이 'int (*)[10]'과(와) 다릅니다.
C:\TIL\Cwork\Pro0705\PointerExam.c(157,41): warning C4024: 'array_sum': 형식 및 실제 매개 변수 1의 형식이 서로 다릅니다.
C:\TIL\Cwork\Pro0705\PointerExam.c(161,72): warning C4047: '함수': 'int *'의 간접 참조 수준이 'int (*)[10]'과(와) 다릅니다.
C:\TIL\Cwork\Pro0705\PointerExam.c(161,66): warning C4024: 'search': 형식 및 실제 매개 변수 1의 형식이 서로 다릅니다.
C:\TIL\Cwork\Pro0705\PointerExam.c(175,14): warning C4047: '함수': 'int *'의 간접 참조 수준이 'int (*)[4]'과(와) 다릅니다.
C:\TIL\Cwork\Pro0705\PointerExam.c(175,8): warning C4024: 'merge': 형식 및 실제 매개 변수 1의 형식이 서로 다릅니다.
C:\TIL\Cwork\Pro0705\PointerExam.c(175,22): warning C4047: '함수': 'int *'의 간접 참조 수준이 'int (*)[4]'과(와) 다릅니다.
C:\TIL\Cwork\Pro0705\PointerExam.c(175,16): warning C4024: 'merge': 형식 및 실제 매개 변수 2의 형식이 서로 다릅니다.
C:\TIL\Cwork\Pro0705\PointerExam.c(175,30): warning C4047: '함수': 'int *'의 간접 참조 수준이 'int (*)[8]'과(와) 다릅니다.
C:\TIL\Cwork\Pro0705\PointerExam.c(175,24): warning C4024: 'merge': 형식 및 실제 매개 변수 3의 형식이 서로 다릅니다.
C:\TIL\Cwork\Pro0705\PointerExam.c(166,2): warning C4996: 'scanf': This function or variable may be unsafe. Consider using scanf_s instead. To disable deprecation, use _CRT_SECURE_NO_WARNINGS. See online help for details.
C:\TIL\Cwork\Pro0705\PointerExam.c(41): warning C4715: 'search': 모든 제어 경로에서 값을 반환하지는 않습니다.
  Pro0705.vcxproj -> C:\TIL\Cwork\Pro0705\Debug\Pro0705.exe
